0 info it worked if it ends with ok
1 verbose cli [ '/home/qqwy/.nvm/versions/node/v5.9.1/bin/node',
1 verbose cli   '/home/qqwy/.nvm/versions/node/v5.9.1/bin/npm',
1 verbose cli   'start' ]
2 info using npm@3.7.3
3 info using node@v5.9.1
4 verbose stack Error: Failed to parse json
4 verbose stack Unexpected token '<' at 23:1
4 verbose stack <<<<<<< HEAD
4 verbose stack ^
4 verbose stack     at parseError (/home/qqwy/.nvm/versions/node/v5.9.1/lib/node_modules/npm/node_modules/read-package-json/read-json.js:379:11)
4 verbose stack     at parseJson (/home/qqwy/.nvm/versions/node/v5.9.1/lib/node_modules/npm/node_modules/read-package-json/read-json.js:68:23)
4 verbose stack     at /home/qqwy/.nvm/versions/node/v5.9.1/lib/node_modules/npm/node_modules/read-package-json/read-json.js:48:5
4 verbose stack     at /home/qqwy/.nvm/versions/node/v5.9.1/lib/node_modules/npm/node_modules/graceful-fs/graceful-fs.js:78:16
4 verbose stack     at tryToString (fs.js:414:3)
4 verbose stack     at FSReqWrap.readFileAfterClose [as oncomplete] (fs.js:401:12)
5 verbose cwd /media/qqwy/new_world/Programming/Personal/EpicAuth/electron_app/electron_app
6 error Linux 3.16.0-38-generic
7 error argv "/home/qqwy/.nvm/versions/node/v5.9.1/bin/node" "/home/qqwy/.nvm/versions/node/v5.9.1/bin/npm" "start"
8 error node v5.9.1
9 error npm  v3.7.3
10 error file /media/qqwy/new_world/Programming/Personal/EpicAuth/electron_app/electron_app/package.json
11 error code EJSONPARSE
12 error Failed to parse json
12 error Unexpected token '<' at 23:1
12 error <<<<<<< HEAD
12 error ^
13 error File: /media/qqwy/new_world/Programming/Personal/EpicAuth/electron_app/electron_app/package.json
14 error Failed to parse package.json data.
14 error package.json must be actual JSON, not just JavaScript.
14 error
14 error This is not a bug in npm.
14 error Tell the package author to fix their package.json file. JSON.parse
15 verbose exit [ 1, true ]
